Version   : 6.0.23
Date      : Thu, 10 Dec 2015 10:10:05 +0600
OS        : Microsoft Windows 6.3 (64 bit)
RAD       : BDS 5.0
Dump      : $8B $43 $44 $0B $C8 $C7 $44 $24 $24 $00 $00 $00 $00 $C7 $44 $24 $14 $00 $00 $00 $00 $89 $4D $0C $81 $FE $FF $FF $FF $7F $0F $87 
Section   : 7022
LastExcept: AdsError
Address   : $77A703C8 - [77A30000] ntdll.dll -  -  - RtlAllocateHeap - 0[0]
Exception : EAccessViolation
Message   : Access violation at address 77A703C8 in module 'ntdll.dll'. Read of address 00000044
Call Stack: 00 $77A703AC - [77A30000] ntdll.dll 
            01 $77A4BCA6 - [77A30000] ntdll.dll 
            02 $77A4BBA9 - [77A30000] ntdll.dll 
            03 $77A4BB5E - [77A30000] ntdll.dll 
            04 $77A9BB73 - [77A30000] ntdll.dll 
            05 $71C91362 - [71C90000] dhcpcsvc6.DLL 
            06 $71DE353D - [71DE0000] IPHLPAPI.DLL 
            07 $71DE5511 - [71DE0000] IPHLPAPI.DLL 
            08 $71DE6E1C - [71DE0000] IPHLPAPI.DLL 
            09 $71DE6E00 - [71DE0000] IPHLPAPI.DLL 
            0A $71DE6CE5 - [71DE0000] IPHLPAPI.DLL 
            0B $77A70C85 - [77A30000] ntdll.dll 
            0C $77A70C57 - [77A30000] ntdll.dll 
            0D $770B40F2 - [770A0000] KERNELBASE.dll 
            0E $77A700C8 - [77A30000] ntdll.dll 
            0F $77A700A7 - [77A30000] ntdll.dll 
            10 $77A6FADA - [77A30000] ntdll.dll 
            11 $77A6FAC4 - [77A30000] ntdll.dll 
            12 $71DE4FB9 - [71DE0000] IPHLPAPI.DLL 
            13 $71DE5A38 - [71DE0000] IPHLPAPI.DLL 
            14 $71DE6BEE - [71DE0000] IPHLPAPI.DLL 
            15 $71DE5FC8 - [71DE0000] IPHLPAPI.DLL 
            16 $77A704B9 - [77A30000] ntdll.dll 
            17 $77A706CE - [77A30000] ntdll.dll 
            18 $71DE60E3 - [71DE0000] IPHLPAPI.DLL 
            19 $71DE580F - [71DE0000] IPHLPAPI.DLL 
            1A $71DE6125 - [71DE0000] IPHLPAPI.DLL 
            1B $71DE60E3 - [71DE0000] IPHLPAPI.DLL 
            1C $71E3A6D8 - [71E30000] DNSAPI.dll 
            1D $71E4822C - [71E30000] DNSAPI.dll 
            1E $71E481A7 - [71E30000] DNSAPI.dll 
            1F $71E474AE - [71E30000] DNSAPI.dll 
            20 $77A700C8 - [77A30000] ntdll.dll 
            21 $77A700A7 - [77A30000] ntdll.dll 
            22 $770A1159 - [770A0000] KERNELBASE.dll 
            23 $770A1119 - [770A0000] KERNELBASE.dll 
            24 $770A1046 - [770A0000] KERNELBASE.dll 
            25 $770A1038 - [770A0000] KERNELBASE.dll 
            26 $71E4D9FA - [71E30000] DNSAPI.dll 
            27 $71E47422 - [71E30000] DNSAPI.dll 
            28 $71E4D8FB - [71E30000] DNSAPI.dll 
            29 $71E4D85A - [71E30000] DNSAPI.dll 
            2A $71E4DB7C - [71E30000] DNSAPI.dll 
            2B $71E4DB48 - [71E30000] DNSAPI.dll 
            2C $71E4DDF8 - [71E30000] DNSAPI.dll 
            2D $71E4DDCE - [71E30000] DNSAPI.dll 
            2E $71E4DDA7 - [71E30000] DNSAPI.dll 
            2F $71DF0C60 - [71DE0000] IPHLPAPI.DLL 
            30 $71DF0B8C - [71DE0000] IPHLPAPI.DLL 
            31 $71DF0D82 - [71DE0000] IPHLPAPI.DLL 
            32 $08A9822A - [08A20000] CmtDbQry.dll - ExceptionLog.pas -  -  - 12611[0]
            33 $08A980F4 - [08A20000] CmtDbQry.dll - ExceptionLog.pas -  -  - 12593[0]
            34 $08A98581 - [08A20000] CmtDbQry.dll - ExceptionLog.pas -  -  - 12672[0]
            35 $08A984B0 - [08A20000] CmtDbQry.dll - ExceptionLog.pas -  -  - 12647[0]
            36 $08A99F09 - [08A20000] CmtDbQry.dll - ExceptionLog.pas -  -  - 13272[0]
            37 $08A99ECC - [08A20000] CmtDbQry.dll - ExceptionLog.pas -  -  - 13271[0]
            38 $08A9B1ED - [08A20000] CmtDbQry.dll - ExceptionLog.pas -  -  - 13565[0]
            39 $08A9B158 - [08A20000] CmtDbQry.dll - ExceptionLog.pas -  -  - 13551[0]
            3A $08A9E958 - [08A20000] CmtDbQry.dll - ExceptionLog.pas -  -  - 14337[0]
            3B $08A24F64 - [08A20000] CmtDbQry.dll 
            3C $08B34F0F - [08A20000] CmtDbQry.dll - adscnnct.pas -  -  - 1199[0]
            3D $08A9DE78 - [08A20000] CmtDbQry.dll - ExceptionLog.pas -  -  - 14048[0]
            3E $08A9F9F5 - [08A20000] CmtDbQry.dll - ExceptionLog.pas -  -  - 14827[0]
            3F $08A24F64 - [08A20000] CmtDbQry.dll 
            40 $08B34F0F - [08A20000] CmtDbQry.dll - adscnnct.pas -  -  - 1199[0]
            41 $770C0319 - [770A0000] KERNELBASE.dll 
            42 $08A9F7D4 - [08A20000] CmtDbQry.dll - ExceptionLog.pas -  -  - 14769[0]
            43 $08AA1DCA - [08A20000] CmtDbQry.dll - ExceptionLog.pas -  -  - 16778[0]
            44 $08AA1CAC - [08A20000] CmtDbQry.dll - ExceptionLog.pas -  -  - 16745[0]
            45 $08AA1EBA - [08A20000] CmtDbQry.dll - ExceptionLog.pas -  -  - 16828[0]
            46 $08A4E6A8 - [08A20000] CmtDbQry.dll 
            47 $08A24F64 - [08A20000] CmtDbQry.dll 
            48 $08B34F0F - [08A20000] CmtDbQry.dll - adscnnct.pas -  -  - 1199[0]
            49 $77A6F0BF - [77A30000] ntdll.dll 
            4A $77A6F09B - [77A30000] ntdll.dll 
            4B $77A6F08E - [77A30000] ntdll.dll 
            4C $77A6F060 - [77A30000] ntdll.dll 
            4D $77A92E32 - [77A30000] ntdll.dll 
            4E $770B1D47 - [770A0000] KERNELBASE.dll 
            4F $77A92D0E - [77A30000] ntdll.dll 
            50 $77A6EEF6 - [77A30000] ntdll.dll 
            51 $770B1D47 - [770A0000] KERNELBASE.dll 
            52 $08A24F64 - [08A20000] CmtDbQry.dll 
            53 $08B34F0F - [08A20000] CmtDbQry.dll - adscnnct.pas -  -  - 1199[0]
            54 $08A24F64 - [08A20000] CmtDbQry.dll 
            55 $08B34F0F - [08A20000] CmtDbQry.dll - adscnnct.pas -  -  - 1199[0]
            56 $08A9FE04 - [08A20000] CmtDbQry.dll - ExceptionLog.pas -  -  - 15058[0]
            57 $08AA0117 - [08A20000] CmtDbQry.dll - ExceptionLog.pas -  -  - 15138[0]
            58 $770B1D47 - [770A0000] KERNELBASE.dll 
            59 $08A244C4 - [08A20000] CmtDbQry.dll 
            5A $08A7E765 - [08A20000] CmtDbQry.dll - ExceptionLog.pas -  -  - 2136[0]
            5B $08A5AA14 - [08A20000] CmtDbQry.dll - EHook.pas -  -  - 350[0]
            5C $08A5AC49 - [08A20000] CmtDbQry.dll - EHook.pas -  -  - 443[0]
            5D $770AD61B - [770A0000] KERNELBASE.dll 
            5E $08A7C224 - [08A20000] CmtDbQry.dll - ExceptionLog.pas -  -  - 1441[0]
            5F $08A7C318 - [08A20000] CmtDbQry.dll - ExceptionLog.pas -  -  - 1464[0]
            60 $77A6F8D0 - [77A30000] ntdll.dll 
            61 $08A7C35F - [08A20000] CmtDbQry.dll - ExceptionLog.pas -  -  - 1476[0]
            62 $08A24F64 - [08A20000] CmtDbQry.dll 
            63 $08B34F0F - [08A20000] CmtDbQry.dll - adscnnct.pas -  -  - 1199[0]
            64 $08A7C27C - [08A20000] CmtDbQry.dll - ExceptionLog.pas -  -  - 1451[0]
            65 $08A86BD9 - [08A20000] CmtDbQry.dll - ExceptionLog.pas -  -  - 5893[0]
            66 $77A5A540 - [77A30000] ntdll.dll 
            67 $770B1D74 - [770A0000] KERNELBASE.dll 
            68 $770B1D47 - [770A0000] KERNELBASE.dll 
            69 $770B1D47 - [770A0000] KERNELBASE.dll 
            6A $08A24F64 - [08A20000] CmtDbQry.dll 
            6B $08B34F0F - [08A20000] CmtDbQry.dll - adscnnct.pas -  -  - 1199[0]
            6C $08A24F64 - [08A20000] CmtDbQry.dll 
            6D $08B34F0F - [08A20000] CmtDbQry.dll - adscnnct.pas -  -  - 1199[0]
            6E $08A9FE04 - [08A20000] CmtDbQry.dll - ExceptionLog.pas -  -  - 15058[0]
            6F $08AA0117 - [08A20000] CmtDbQry.dll - ExceptionLog.pas -  -  - 15138[0]
            70 $08AA0291 - [08A20000] CmtDbQry.dll - ExceptionLog.pas -  -  - 15246[0]
            71 $08A24F64 - [08A20000] CmtDbQry.dll 
            72 $08B34F0F - [08A20000] CmtDbQry.dll - adscnnct.pas -  -  - 1199[0]
            73 $08A24F64 - [08A20000] CmtDbQry.dll 
            74 $08B34F0F - [08A20000] CmtDbQry.dll - adscnnct.pas -  -  - 1199[0]
            75 $08A25EDC - [08A20000] CmtDbQry.dll 
            76 $08B17AA3 - [08A20000] CmtDbQry.dll 
            77 $08A24818 - [08A20000] CmtDbQry.dll 
            78 $08A24786 - [08A20000] CmtDbQry.dll 
            79 $08A24778 - [08A20000] CmtDbQry.dll 
            7A $08A4471C - [08A20000] CmtDbQry.dll 
            7B $08A24818 - [08A20000] CmtDbQry.dll 
            7C $08A24786 - [08A20000] CmtDbQry.dll 
            7D $08A24778 - [08A20000] CmtDbQry.dll 
            7E $08A4471C - [08A20000] CmtDbQry.dll 
            7F $76D83D6E - [76D80000] combase.dll 
            80 $76CA412D - [76CA0000] OLEAUT32.dll 
            81 $76CA4136 - [76CA0000] OLEAUT32.dll 
            82 $76CA3DDC - [76CA0000] OLEAUT32.dll 
            83 $08A25EEA - [08A20000] CmtDbQry.dll 
            84 $08A24818 - [08A20000] CmtDbQry.dll 
            85 $08A24786 - [08A20000] CmtDbQry.dll 
            86 $08A24778 - [08A20000] CmtDbQry.dll 
            87 $08A4471C - [08A20000] CmtDbQry.dll 
            88 $77A6F8D0 - [77A30000] ntdll.dll 
            89 $08A4429C - [08A20000] CmtDbQry.dll 
            8A $77681960 - [77670000] KERNEL32.dll 
            8B $08A33C4C - [08A20000] CmtDbQry.dll 
            8C $77681960 - [77670000] KERNEL32.dll 
            8D $08A33D19 - [08A20000] CmtDbQry.dll 
            8E $08B5AA82 - [08A20000] CmtDbQry.dll - DatGenDBConnectionDM.pas -  -  - 279[0]
            8F $08A4E683 - [08A20000] CmtDbQry.dll 
            90 $08A4E59C - [08A20000] CmtDbQry.dll 
            91 $08A245F4 - [08A20000] CmtDbQry.dll 
            92 $08A245EC - [08A20000] CmtDbQry.dll 
            93 $08B5A6FA - [08A20000] CmtDbQry.dll - DatGenDBConnectionDM.pas -  -  - 130[0]
            94 $08B5A6EC - [08A20000] CmtDbQry.dll - DatGenDBConnectionDM.pas -  -  - 129[0]
            95 $08BB9DFF - [08A20000] CmtDbQry.dll - DatQueryApiDLLMain_Unit.pas -  -  - 104[0]
            96 $08BBE75D - [08A20000] CmtDbQry.dll - CmtQueryApi_Unit.pas -  -  - 154[0]
            97 $08BBE748 - [08A20000] CmtDbQry.dll - CmtQueryApi_Unit.pas -  -  - 152[0]
            98 $08BBECE2 - [08A20000] CmtDbQry.dll - CmtQueryApi_Unit.pas -  -  - 413[0]
            99 $08A251E9 - [08A20000] CmtDbQry.dll 
            9A $08A251B0 - [08A20000] CmtDbQry.dll 
            9B $08A25546 - [08A20000] CmtDbQry.dll 
            9C $08A2527C - [08A20000] CmtDbQry.dll 
            9D $08A27F80 - [08A20000] CmtDbQry.dll 
            9E $08A27F40 - [08A20000] CmtDbQry.dll 
            9F $08BC1603 - [08A20000] CmtDbQry.dll - CmtDbQry.dpr -  -  - 275[0]
            A0 $77A77AD8 - [77A30000] ntdll.dll 
            A1 $77A77A6A - [77A30000] ntdll.dll 
            A2 $77A77A2C - [77A30000] ntdll.dll 
            A3 $77A92387 - [77A30000] ntdll.dll 
            A4 $77A76710 - [77A30000] ntdll.dll 
            A5 $77A92369 - [77A30000] ntdll.dll 
            A6 $77A92255 - [77A30000] ntdll.dll 
            A7 $77A9223C - [77A30000] ntdll.dll 
            A8 $77A76FAF - [77A30000] ntdll.dll 
            A9 $77A778A8 - [77A30000] ntdll.dll 
            AA $77A72AE0 - [77A30000] ntdll.dll 
            AB $77A76838 - [77A30000] ntdll.dll 
            AC $77A72AE0 - [77A30000] ntdll.dll 
            AD $77A766ED - [77A30000] ntdll.dll 
            AE $7470064B - [746F0000] mscoreei.dll 
            AF $74700A70 - [746F0000] mscoreei.dll 
            B0 $74700A4D - [746F0000] mscoreei.dll 
            B1 $747009F0 - [746F0000] mscoreei.dll 
            B2 $746F3741 - [746F0000] mscoreei.dll 
            B3 $74700A09 - [746F0000] mscoreei.dll 
            B4 $746FB938 - [746F0000] mscoreei.dll 
            B5 $746F3741 - [746F0000] mscoreei.dll 
            B6 $746FB942 - [746F0000] mscoreei.dll 
            B7 $77697F71 - [77670000] KERNEL32.dll 
            B8 $74700923 - [746F0000] mscoreei.dll 
            B9 $77A72AE0 - [77A30000] ntdll.dll 
            BA $77A77404 - [77A30000] ntdll.dll 
            BB $770DEABF - [770A0000] KERNELBASE.dll 
            BC $770DEA97 - [770A0000] KERNELBASE.dll 
            BD $77A71C5C - [77A30000] ntdll.dll 
            BE $77A70476 - [77A30000] ntdll.dll 
            BF $76CA38A8 - [76CA0000] OLEAUT32.dll 
            C0 $76CA389F - [76CA0000] OLEAUT32.dll 
            C1 $76CA38BF - [76CA0000] OLEAUT32.dll 
            C2 $76D84A29 - [76D80000] combase.dll 
            C3 $76D8498A - [76D80000] combase.dll 
            C4 $76D8492B - [76D80000] combase.dll 
            C5 $76D83A10 - [76D80000] combase.dll 
            C6 $76D84963 - [76D80000] combase.dll 
            C7 $746FCE95 - [746F0000] mscoreei.dll 
            C8 $746FCE6A - [746F0000] mscoreei.dll 
            C9 $746FCECB - [746F0000] mscoreei.dll 
            CA $746FB320 - [746F0000] mscoreei.dll 
            CB $746F431E - [746F0000] mscoreei.dll 
            CC $746FB337 - [746F0000] mscoreei.dll 
            CD $746FB24B - [746F0000] mscoreei.dll 
            CE $746FB42A - [746F0000] mscoreei.dll 
            CF $746F3741 - [746F0000] mscoreei.dll 
            D0 $746FB446 - [746F0000] mscoreei.dll 
            D1 $741ACD08 - [74030000] clr.dll 
            D2 $741ACFD2 - [74030000] clr.dll 
            D3 $74700827 - [746F0000] mscoreei.dll 
            D4 $74700A47 - [746F0000] mscoreei.dll 
            D5 $7411256E - [74030000] clr.dll 
            D6 $7411250C - [74030000] clr.dll 
            D7 $74112506 - [74030000] clr.dll 
            D8 $740395BE - [74030000] clr.dll 
            D9 $74110E00 - [74030000] clr.dll 
            DA $741B5A4C - [74030000] clr.dll 
            DB $74031065 - [74030000] clr.dll 
            DC $740DA45E - [74030000] clr.dll 
            DD $74031000 - [74030000] clr.dll 
            DE $741104E0 - [74030000] clr.dll 
            DF $770DEC01 - [770A0000] KERNELBASE.dll 
            E0 $7404190B - [74030000] clr.dll 
            E1 $74031000 - [74030000] clr.dll 
            E2 $7413F71E - [74030000] clr.dll 
            E3 $74055DB7 - [74030000] clr.dll 
            E4 $74031000 - [74030000] clr.dll 
            E5 $741C01C0 - [74030000] clr.dll 
            E6 $74031000 - [74030000] clr.dll 
            E7 $741C01C0 - [74030000] clr.dll 
            E8 $74031000 - [74030000] clr.dll 
            E9 $7413F71E - [74030000] clr.dll 
            EA $74032E64 - [74030000] clr.dll 
            EB $7413FD65 - [74030000] clr.dll 
            EC $7411248A - [74030000] clr.dll 
            ED $7413FE01 - [74030000] clr.dll 
            EE $7413FDD1 - [74030000] clr.dll 
            EF $7413FE48 - [74030000] clr.dll 
            F0 $7413FE0B - [74030000] clr.dll 
            F1 $7413EBE5 - [74030000] clr.dll 
            F2 $746F3741 - [746F0000] mscoreei.dll 
            F3 $746FEBB5 - [746F0000] mscoreei.dll 
            F4 $7413EAF8 - [74030000] clr.dll 
            F5 $7413AF40 - [74030000] clr.dll 
            F6 $746FCC2B - [746F0000] mscoreei.dll 
            F7 $7768981A - [77670000] KERNEL32.dll 
            F8 $7477BBB5 - [74770000] MSCOREE.DLL 
            F9 $7477BBCA - [74770000] MSCOREE.DLL 
            FA $7768919D - [77670000] KERNEL32.dll 
            FB $77A7A229 - [77A30000] ntdll.dll 
            FC $77A7A207 - [77A30000] ntdll.dll 
            FD $77A7A1FC - [77A30000] ntdll.dll 
